<?xml version="1.0" encoding="UTF-8"?>
<testng-results ignored="0" total="20" passed="19" failed="1" skipped="0">
  <reporter-output>
  </reporter-output>
  <suite started-at="2024-01-21T23:35:12 IST" name="Suite" finished-at="2024-01-21T23:42:27 IST" duration-ms="434816">
    <groups>
    </groups>
    <test started-at="2024-01-21T23:35:12 IST" name="ChromeTest" finished-at="2024-01-21T23:42:27 IST" duration-ms="434816">
      <class name="tests.TC13_FlightStatusNegative">
        <test-method is-config="true" signature="launchBrowser(java.lang.String)[pri:0, instance:tests.TC13_FlightStatusNegative@19b89d4]" started-at="2024-01-21T23:41:49 IST" name="launchBrowser" finished-at="2024-01-21T23:41:57 IST" duration-ms="8091" status="PASS">
          <params>
            <param index="0">
              <value>
                <![CDATA[Chrome]]>
              </value>
            </param>
          </params>
          <reporter-output>
          </reporter-output>
        </test-method> <!-- launchBrowser -->
        <test-method signature="status()[pri:0, instance:tests.TC13_FlightStatusNegative@19b89d4]" started-at="2024-01-21T23:41:57 IST" name="status" finished-at="2024-01-21T23:42:14 IST" duration-ms="16923" status="PASS">
          <reporter-output>
          </reporter-output>
        </test-method> <!-- status -->
        <test-method is-config="true" signature="closeBrowser()[pri:0, instance:tests.TC13_FlightStatusNegative@19b89d4]" started-at="2024-01-21T23:42:14 IST" name="closeBrowser" finished-at="2024-01-21T23:42:15 IST" duration-ms="219" status="PASS">
          <reporter-output>
          </reporter-output>
        </test-method> <!-- closeBrowser -->
      </class> <!-- tests.TC13_FlightStatusNegative -->
      <class name="tests.TC14_ManageBookingNegative">
        <test-method is-config="true" signature="launchBrowser(java.lang.String)[pri:0, instance:tests.TC14_ManageBookingNegative@4bbf6d0e]" started-at="2024-01-21T23:42:15 IST" name="launchBrowser" finished-at="2024-01-21T23:42:22 IST" duration-ms="7849" status="PASS">
          <params>
            <param index="0">
              <value>
                <![CDATA[Chrome]]>
              </value>
            </param>
          </params>
          <reporter-output>
          </reporter-output>
        </test-method> <!-- launchBrowser -->
        <test-method signature="status()[pri:0, instance:tests.TC14_ManageBookingNegative@4bbf6d0e]" started-at="2024-01-21T23:42:22 IST" name="status" finished-at="2024-01-21T23:42:27 IST" duration-ms="4283" status="PASS">
          <reporter-output>
          </reporter-output>
        </test-method> <!-- status -->
        <test-method is-config="true" signature="closeBrowser()[pri:0, instance:tests.TC14_ManageBookingNegative@4bbf6d0e]" started-at="2024-01-21T23:42:27 IST" name="closeBrowser" finished-at="2024-01-21T23:42:27 IST" duration-ms="177" status="PASS">
          <reporter-output>
          </reporter-output>
        </test-method> <!-- closeBrowser -->
      </class> <!-- tests.TC14_ManageBookingNegative -->
      <class name="tests.TC12_CheckInStatusNegative">
        <test-method is-config="true" signature="launchBrowser(java.lang.String)[pri:0, instance:tests.TC12_CheckInStatusNegative@43015c69]" started-at="2024-01-21T23:41:34 IST" name="launchBrowser" finished-at="2024-01-21T23:41:42 IST" duration-ms="8297" status="PASS">
          <params>
            <param index="0">
              <value>
                <![CDATA[Chrome]]>
              </value>
            </param>
          </params>
          <reporter-output>
          </reporter-output>
        </test-method> <!-- launchBrowser -->
        <test-method signature="status()[pri:0, instance:tests.TC12_CheckInStatusNegative@43015c69]" started-at="2024-01-21T23:41:42 IST" name="status" finished-at="2024-01-21T23:41:49 IST" duration-ms="7006" status="PASS">
          <reporter-output>
          </reporter-output>
        </test-method> <!-- status -->
        <test-method is-config="true" signature="closeBrowser()[pri:0, instance:tests.TC12_CheckInStatusNegative@43015c69]" started-at="2024-01-21T23:41:49 IST" name="closeBrowser" finished-at="2024-01-21T23:41:49 IST" duration-ms="172" status="PASS">
          <reporter-output>
          </reporter-output>
        </test-method> <!-- closeBrowser -->
      </class> <!-- tests.TC12_CheckInStatusNegative -->
      <class name="tests.TC11_OneWayTripNegative">
        <test-method is-config="true" signature="launchBrowser(java.lang.String)[pri:0, instance:tests.TC11_OneWayTripNegative@34b9f960]" started-at="2024-01-21T23:41:18 IST" name="launchBrowser" finished-at="2024-01-21T23:41:26 IST" duration-ms="7607" status="PASS">
          <params>
            <param index="0">
              <value>
                <![CDATA[Chrome]]>
              </value>
            </param>
          </params>
          <reporter-output>
          </reporter-output>
        </test-method> <!-- launchBrowser -->
        <test-method signature="oneway()[pri:0, instance:tests.TC11_OneWayTripNegative@34b9f960]" started-at="2024-01-21T23:41:26 IST" name="oneway" finished-at="2024-01-21T23:41:34 IST" duration-ms="7982" status="PASS">
          <reporter-output>
          </reporter-output>
        </test-method> <!-- oneway -->
        <test-method is-config="true" signature="closeBrowser()[pri:0, instance:tests.TC11_OneWayTripNegative@34b9f960]" started-at="2024-01-21T23:41:34 IST" name="closeBrowser" finished-at="2024-01-21T23:41:34 IST" duration-ms="170" status="PASS">
          <reporter-output>
          </reporter-output>
        </test-method> <!-- closeBrowser -->
      </class> <!-- tests.TC11_OneWayTripNegative -->
      <class name="tests.TC03_OneWayTrip">
        <test-method is-config="true" signature="launchBrowser(java.lang.String)[pri:0, instance:tests.TC03_OneWayTrip@5e17553a]" started-at="2024-01-21T23:37:22 IST" name="launchBrowser" finished-at="2024-01-21T23:37:30 IST" duration-ms="8403" status="PASS">
          <params>
            <param index="0">
              <value>
                <![CDATA[Chrome]]>
              </value>
            </param>
          </params>
          <reporter-output>
          </reporter-output>
        </test-method> <!-- launchBrowser -->
        <test-method signature="oneway()[pri:0, instance:tests.TC03_OneWayTrip@5e17553a]" started-at="2024-01-21T23:37:30 IST" name="oneway" finished-at="2024-01-21T23:38:41 IST" duration-ms="71159" status="PASS">
          <reporter-output>
          </reporter-output>
        </test-method> <!-- oneway -->
        <test-method is-config="true" signature="closeBrowser()[pri:0, instance:tests.TC03_OneWayTrip@5e17553a]" started-at="2024-01-21T23:38:41 IST" name="closeBrowser" finished-at="2024-01-21T23:38:41 IST" duration-ms="227" status="PASS">
          <reporter-output>
          </reporter-output>
        </test-method> <!-- closeBrowser -->
      </class> <!-- tests.TC03_OneWayTrip -->
      <class name="tests.TC01_SignUpFunctionality">
        <test-method is-config="true" signature="setup()[pri:0, instance:tests.TC01_SignUpFunctionality@2f666ebb]" started-at="2024-01-21T23:35:12 IST" name="setup" finished-at="2024-01-21T23:35:12 IST" duration-ms="17" status="PASS">
          <reporter-output>
          </reporter-output>
        </test-method> <!-- setup -->
        <test-method is-config="true" signature="launchBrowser(java.lang.String)[pri:0, instance:tests.TC01_SignUpFunctionality@2f666ebb]" started-at="2024-01-21T23:35:13 IST" name="launchBrowser" finished-at="2024-01-21T23:35:21 IST" duration-ms="7592" status="PASS">
          <params>
            <param index="0">
              <value>
                <![CDATA[Chrome]]>
              </value>
            </param>
          </params>
          <reporter-output>
          </reporter-output>
        </test-method> <!-- launchBrowser -->
        <test-method signature="SignUPTest(java.lang.String,java.lang.String,java.lang.String,java.lang.String,java.lang.String,java.lang.String,java.lang.String,java.lang.String,java.lang.String)[pri:0, instance:tests.TC01_SignUpFunctionality@2f666ebb]" started-at="2024-01-21T23:35:21 IST" name="SignUPTest" data-provider="getData" finished-at="2024-01-21T23:35:33 IST" duration-ms="12307" status="PASS">
          <params>
            <param index="0">
              <value>
                <![CDATA[Mr]]>
              </value>
            </param>
            <param index="1">
              <value>
                <![CDATA[First Second]]>
              </value>
            </param>
            <param index="2">
              <value>
                <![CDATA[Last]]>
              </value>
            </param>
            <param index="3">
              <value>
                <![CDATA[India]]>
              </value>
            </param>
            <param index="4">
              <value>
                <![CDATA[01-02-1999]]>
              </value>
            </param>
            <param index="5">
              <value>
                <![CDATA[8123389123]]>
              </value>
            </param>
            <param index="6">
              <value>
                <![CDATA[admin@login.com]]>
              </value>
            </param>
            <param index="7">
              <value>
                <![CDATA[123232]]>
              </value>
            </param>
            <param index="8">
              <value>
                <![CDATA[123232]]>
              </value>
            </param>
          </params>
          <reporter-output>
          </reporter-output>
        </test-method> <!-- SignUPTest -->
        <test-method is-config="true" signature="closeBrowser()[pri:0, instance:tests.TC01_SignUpFunctionality@2f666ebb]" started-at="2024-01-21T23:35:33 IST" name="closeBrowser" finished-at="2024-01-21T23:35:33 IST" duration-ms="61" status="PASS">
          <reporter-output>
          </reporter-output>
        </test-method> <!-- closeBrowser -->
        <test-method is-config="true" signature="launchBrowser(java.lang.String)[pri:0, instance:tests.TC01_SignUpFunctionality@2f666ebb]" started-at="2024-01-21T23:35:33 IST" name="launchBrowser" finished-at="2024-01-21T23:35:40 IST" duration-ms="6582" status="PASS">
          <params>
            <param index="0">
              <value>
                <![CDATA[Chrome]]>
              </value>
            </param>
          </params>
          <reporter-output>
          </reporter-output>
        </test-method> <!-- launchBrowser -->
        <test-method signature="SignUPTest(java.lang.String,java.lang.String,java.lang.String,java.lang.String,java.lang.String,java.lang.String,java.lang.String,java.lang.String,java.lang.String)[pri:0, instance:tests.TC01_SignUpFunctionality@2f666ebb]" started-at="2024-01-21T23:35:40 IST" name="SignUPTest" data-provider="getData" finished-at="2024-01-21T23:35:53 IST" duration-ms="13440" status="PASS">
          <params>
            <param index="0">
              <value>
                <![CDATA[Mrs]]>
              </value>
            </param>
            <param index="1">
              <value>
                <![CDATA[Second Third]]>
              </value>
            </param>
            <param index="2">
              <value>
                <![CDATA[Last]]>
              </value>
            </param>
            <param index="3">
              <value>
                <![CDATA[Germany]]>
              </value>
            </param>
            <param index="4">
              <value>
                <![CDATA[01-02-2000]]>
              </value>
            </param>
            <param index="5">
              <value>
                <![CDATA[8123389123]]>
              </value>
            </param>
            <param index="6">
              <value>
                <![CDATA[invalidinput@.c]]>
              </value>
            </param>
            <param index="7">
              <value>
                <![CDATA[123233]]>
              </value>
            </param>
            <param index="8">
              <value>
                <![CDATA[123233]]>
              </value>
            </param>
          </params>
          <reporter-output>
          </reporter-output>
        </test-method> <!-- SignUPTest -->
        <test-method is-config="true" signature="closeBrowser()[pri:0, instance:tests.TC01_SignUpFunctionality@2f666ebb]" started-at="2024-01-21T23:35:53 IST" name="closeBrowser" finished-at="2024-01-21T23:35:54 IST" duration-ms="99" status="PASS">
          <reporter-output>
          </reporter-output>
        </test-method> <!-- closeBrowser -->
        <test-method is-config="true" signature="launchBrowser(java.lang.String)[pri:0, instance:tests.TC01_SignUpFunctionality@2f666ebb]" started-at="2024-01-21T23:35:54 IST" name="launchBrowser" finished-at="2024-01-21T23:36:01 IST" duration-ms="7904" status="PASS">
          <params>
            <param index="0">
              <value>
                <![CDATA[Chrome]]>
              </value>
            </param>
          </params>
          <reporter-output>
          </reporter-output>
        </test-method> <!-- launchBrowser -->
        <test-method signature="SignUPTest(java.lang.String,java.lang.String,java.lang.String,java.lang.String,java.lang.String,java.lang.String,java.lang.String,java.lang.String,java.lang.String)[pri:0, instance:tests.TC01_SignUpFunctionality@2f666ebb]" started-at="2024-01-21T23:36:01 IST" name="SignUPTest" data-provider="getData" finished-at="2024-01-21T23:36:16 IST" duration-ms="14635" status="PASS">
          <params>
            <param index="0">
              <value>
                <![CDATA[Ms]]>
              </value>
            </param>
            <param index="1">
              <value>
                <![CDATA[Third Fourth]]>
              </value>
            </param>
            <param index="2">
              <value>
                <![CDATA[Last]]>
              </value>
            </param>
            <param index="3">
              <value>
                <![CDATA[United Kingdom]]>
              </value>
            </param>
            <param index="4">
              <value>
                <![CDATA[01-02-2001]]>
              </value>
            </param>
            <param index="5">
              <value>
                <![CDATA[8123389123]]>
              </value>
            </param>
            <param index="6">
              <value>
                <![CDATA[validinput@gmail.com]]>
              </value>
            </param>
            <param index="7">
              <value>
                <![CDATA[123234]]>
              </value>
            </param>
            <param index="8">
              <value>
                <![CDATA[123234]]>
              </value>
            </param>
          </params>
          <reporter-output>
          </reporter-output>
        </test-method> <!-- SignUPTest -->
        <test-method is-config="true" signature="closeBrowser()[pri:0, instance:tests.TC01_SignUpFunctionality@2f666ebb]" started-at="2024-01-21T23:36:16 IST" name="closeBrowser" finished-at="2024-01-21T23:36:16 IST" duration-ms="111" status="PASS">
          <reporter-output>
          </reporter-output>
        </test-method> <!-- closeBrowser -->
        <test-method is-config="true" signature="launchBrowser(java.lang.String)[pri:0, instance:tests.TC01_SignUpFunctionality@2f666ebb]" started-at="2024-01-21T23:36:16 IST" name="launchBrowser" finished-at="2024-01-21T23:36:24 IST" duration-ms="7746" status="PASS">
          <params>
            <param index="0">
              <value>
                <![CDATA[Chrome]]>
              </value>
            </param>
          </params>
          <reporter-output>
          </reporter-output>
        </test-method> <!-- launchBrowser -->
        <test-method signature="SignUPTest(java.lang.String,java.lang.String,java.lang.String,java.lang.String,java.lang.String,java.lang.String,java.lang.String,java.lang.String,java.lang.String)[pri:0, instance:tests.TC01_SignUpFunctionality@2f666ebb]" started-at="2024-01-21T23:36:24 IST" name="SignUPTest" data-provider="getData" finished-at="2024-01-21T23:36:39 IST" duration-ms="14891" status="PASS">
          <params>
            <param index="0">
              <value>
                <![CDATA[Miss]]>
              </value>
            </param>
            <param index="1">
              <value>
                <![CDATA[Fourth Fifth]]>
              </value>
            </param>
            <param index="2">
              <value>
                <![CDATA[Last]]>
              </value>
            </param>
            <param index="3">
              <value>
                <![CDATA[England]]>
              </value>
            </param>
            <param index="4">
              <value>
                <![CDATA[01-02-2002]]>
              </value>
            </param>
            <param index="5">
              <value>
                <![CDATA[8123389123]]>
              </value>
            </param>
            <param index="6">
              <value>
                <![CDATA[invalidinput@gmail.com]]>
              </value>
            </param>
            <param index="7">
              <value>
                <![CDATA[123235]]>
              </value>
            </param>
            <param index="8">
              <value>
                <![CDATA[123235]]>
              </value>
            </param>
          </params>
          <reporter-output>
          </reporter-output>
        </test-method> <!-- SignUPTest -->
        <test-method is-config="true" signature="closeBrowser()[pri:0, instance:tests.TC01_SignUpFunctionality@2f666ebb]" started-at="2024-01-21T23:36:39 IST" name="closeBrowser" finished-at="2024-01-21T23:36:39 IST" duration-ms="91" status="PASS">
          <reporter-output>
          </reporter-output>
        </test-method> <!-- closeBrowser -->
      </class> <!-- tests.TC01_SignUpFunctionality -->
      <class name="tests.TC02_LoginFunctionality">
        <test-method is-config="true" signature="setup()[pri:0, instance:tests.TC02_LoginFunctionality@3b5fad2d]" started-at="2024-01-21T23:35:12 IST" name="setup" finished-at="2024-01-21T23:35:12 IST" duration-ms="0" status="PASS">
          <reporter-output>
          </reporter-output>
        </test-method> <!-- setup -->
        <test-method is-config="true" signature="launchBrowser(java.lang.String)[pri:0, instance:tests.TC02_LoginFunctionality@3b5fad2d]" started-at="2024-01-21T23:36:39 IST" name="launchBrowser" finished-at="2024-01-21T23:36:48 IST" duration-ms="8775" status="PASS">
          <params>
            <param index="0">
              <value>
                <![CDATA[Chrome]]>
              </value>
            </param>
          </params>
          <reporter-output>
          </reporter-output>
        </test-method> <!-- launchBrowser -->
        <test-method signature="LoginTest(java.lang.String,java.lang.String)[pri:0, instance:tests.TC02_LoginFunctionality@3b5fad2d]" started-at="2024-01-21T23:36:48 IST" name="LoginTest" data-provider="getData" finished-at="2024-01-21T23:36:50 IST" duration-ms="1741" status="PASS">
          <params>
            <param index="0">
              <value>
                <![CDATA[admin@login.com]]>
              </value>
            </param>
            <param index="1">
              <value>
                <![CDATA[Admin123]]>
              </value>
            </param>
          </params>
          <reporter-output>
          </reporter-output>
        </test-method> <!-- LoginTest -->
        <test-method is-config="true" signature="closeBrowser()[pri:0, instance:tests.TC02_LoginFunctionality@3b5fad2d]" started-at="2024-01-21T23:36:50 IST" name="closeBrowser" finished-at="2024-01-21T23:36:50 IST" duration-ms="203" status="PASS">
          <reporter-output>
          </reporter-output>
        </test-method> <!-- closeBrowser -->
        <test-method is-config="true" signature="launchBrowser(java.lang.String)[pri:0, instance:tests.TC02_LoginFunctionality@3b5fad2d]" started-at="2024-01-21T23:36:50 IST" name="launchBrowser" finished-at="2024-01-21T23:36:59 IST" duration-ms="9304" status="PASS">
          <params>
            <param index="0">
              <value>
                <![CDATA[Chrome]]>
              </value>
            </param>
          </params>
          <reporter-output>
          </reporter-output>
        </test-method> <!-- launchBrowser -->
        <test-method signature="LoginTest(java.lang.String,java.lang.String)[pri:0, instance:tests.TC02_LoginFunctionality@3b5fad2d]" started-at="2024-01-21T23:36:59 IST" name="LoginTest" data-provider="getData" finished-at="2024-01-21T23:37:01 IST" duration-ms="2056" status="PASS">
          <params>
            <param index="0">
              <value>
                <![CDATA[invalidinput@.c]]>
              </value>
            </param>
            <param index="1">
              <value>
                <![CDATA[Test123]]>
              </value>
            </param>
          </params>
          <reporter-output>
          </reporter-output>
        </test-method> <!-- LoginTest -->
        <test-method is-config="true" signature="closeBrowser()[pri:0, instance:tests.TC02_LoginFunctionality@3b5fad2d]" started-at="2024-01-21T23:37:01 IST" name="closeBrowser" finished-at="2024-01-21T23:37:01 IST" duration-ms="152" status="PASS">
          <reporter-output>
          </reporter-output>
        </test-method> <!-- closeBrowser -->
        <test-method is-config="true" signature="launchBrowser(java.lang.String)[pri:0, instance:tests.TC02_LoginFunctionality@3b5fad2d]" started-at="2024-01-21T23:37:01 IST" name="launchBrowser" finished-at="2024-01-21T23:37:04 IST" duration-ms="2881" status="PASS">
          <params>
            <param index="0">
              <value>
                <![CDATA[Chrome]]>
              </value>
            </param>
          </params>
          <reporter-output>
          </reporter-output>
        </test-method> <!-- launchBrowser -->
        <test-method signature="LoginTest(java.lang.String,java.lang.String)[pri:0, instance:tests.TC02_LoginFunctionality@3b5fad2d]" started-at="2024-01-21T23:37:04 IST" name="LoginTest" data-provider="getData" finished-at="2024-01-21T23:37:11 IST" duration-ms="6398" status="FAIL">
          <params>
            <param index="0">
              <value>
                <![CDATA[validinput@gmail.com]]>
              </value>
            </param>
            <param index="1">
              <value>
                <![CDATA[Prod123]]>
              </value>
            </param>
          </params>
          <exception class="org.openqa.selenium.StaleElementReferenceException">
            <message>
              <![CDATA[stale element reference: stale element not found
  (Session info: chrome=120.0.6099.225)
For documentation on this error, please visit: https://www.selenium.dev/documentation/webdriver/troubleshooting/errors#stale-element-reference-exception
Build info: version: '4.11.0', revision: '040bc5406b'
System info: os.name: 'Windows 11', os.arch: 'amd64', os.version: '10.0', java.version: '20.0.1'
Driver info: org.openqa.selenium.chrome.ChromeDriver
Command: [253b92ab517a0571e2bf3d3a4ca8fb7f, clickElement {id=6570EEE6D93AFA60B16E0CF0D8BB3D9D_element_13}]
Capabilities {acceptInsecureCerts: false, browserName: chrome, browserVersion: 120.0.6099.225, chrome: {chromedriverVersion: 120.0.6099.109 (3419140ab66..., userDataDir: C:\Users\KALPES~1\AppData\L...}, fedcm:accounts: true, goog:chromeOptions: {debuggerAddress: localhost:53136}, networkConnectionEnabled: false, pageLoadStrategy: normal, platformName: windows, proxy: Proxy(), se:cdp: ws://localhost:53136/devtoo..., se:cdpVersion: 120.0.6099.225, setWindowRect: true, strictFileInteractability: false, timeouts: {implicit: 0, pageLoad: 300000, script: 30000}, unhandledPromptBehavior: dismiss and notify, webauthn:extension:credBlob: true, webauthn:extension:largeBlob: true, webauthn:extension:minPinLength: true, webauthn:extension:prf: true, webauthn:virtualAuthenticators: true}
Element: [[ChromeDriver: chrome on windows (253b92ab517a0571e2bf3d3a4ca8fb7f)] -> xpath: //div[@class='css-76zvg2 r-jwli3a r-ubezar' and contains (text(), 'Login')]]
Session ID: 253b92ab517a0571e2bf3d3a4ca8fb7f]]>
            </message>
            <full-stacktrace>
              <![CDATA[org.openqa.selenium.StaleElementReferenceException: stale element reference: stale element not found
  (Session info: chrome=120.0.6099.225)
For documentation on this error, please visit: https://www.selenium.dev/documentation/webdriver/troubleshooting/errors#stale-element-reference-exception
Build info: version: '4.11.0', revision: '040bc5406b'
System info: os.name: 'Windows 11', os.arch: 'amd64', os.version: '10.0', java.version: '20.0.1'
Driver info: org.openqa.selenium.chrome.ChromeDriver
Command: [253b92ab517a0571e2bf3d3a4ca8fb7f, clickElement {id=6570EEE6D93AFA60B16E0CF0D8BB3D9D_element_13}]
Capabilities {acceptInsecureCerts: false, browserName: chrome, browserVersion: 120.0.6099.225, chrome: {chromedriverVersion: 120.0.6099.109 (3419140ab66..., userDataDir: C:\Users\KALPES~1\AppData\L...}, fedcm:accounts: true, goog:chromeOptions: {debuggerAddress: localhost:53136}, networkConnectionEnabled: false, pageLoadStrategy: normal, platformName: windows, proxy: Proxy(), se:cdp: ws://localhost:53136/devtoo..., se:cdpVersion: 120.0.6099.225, setWindowRect: true, strictFileInteractability: false, timeouts: {implicit: 0, pageLoad: 300000, script: 30000}, unhandledPromptBehavior: dismiss and notify, webauthn:extension:credBlob: true, webauthn:extension:largeBlob: true, webauthn:extension:minPinLength: true, webauthn:extension:prf: true, webauthn:virtualAuthenticators: true}
Element: [[ChromeDriver: chrome on windows (253b92ab517a0571e2bf3d3a4ca8fb7f)] -> xpath: //div[@class='css-76zvg2 r-jwli3a r-ubezar' and contains (text(), 'Login')]]
Session ID: 253b92ab517a0571e2bf3d3a4ca8fb7f
at java.base/jdk.internal.reflect.DirectConstructorHandleAccessor.newInstance(DirectConstructorHandleAccessor.java:67)
at java.base/java.lang.reflect.Constructor.newInstanceWithCaller(Constructor.java:500)
at java.base/java.lang.reflect.Constructor.newInstance(Constructor.java:484)
at org.openqa.selenium.remote.codec.w3c.W3CHttpResponseCodec.createException(W3CHttpResponseCodec.java:200)
at org.openqa.selenium.remote.codec.w3c.W3CHttpResponseCodec.decode(W3CHttpResponseCodec.java:133)
at org.openqa.selenium.remote.codec.w3c.W3CHttpResponseCodec.decode(W3CHttpResponseCodec.java:52)
at org.openqa.selenium.remote.HttpCommandExecutor.execute(HttpCommandExecutor.java:191)
at org.openqa.selenium.remote.service.DriverCommandExecutor.invokeExecute(DriverCommandExecutor.java:196)
at org.openqa.selenium.remote.service.DriverCommandExecutor.execute(DriverCommandExecutor.java:171)
at org.openqa.selenium.remote.RemoteWebDriver.execute(RemoteWebDriver.java:518)
at org.openqa.selenium.remote.RemoteWebElement.execute(RemoteWebElement.java:224)
at org.openqa.selenium.remote.RemoteWebElement.click(RemoteWebElement.java:77)
at java.base/jdk.internal.reflect.DirectMethodHandleAccessor.invoke(DirectMethodHandleAccessor.java:104)
at java.base/java.lang.reflect.Method.invoke(Method.java:578)
at org.openqa.selenium.support.pagefactory.internal.LocatingElementHandler.invoke(LocatingElementHandler.java:51)
at jdk.proxy2/jdk.proxy2.$Proxy20.click(Unknown Source)
at pages.HomePage.loginbutton(HomePage.java:43)
at tests.TC02_LoginFunctionality.LoginTest(TC02_LoginFunctionality.java:24)
at java.base/jdk.internal.reflect.DirectMethodHandleAccessor.invoke(DirectMethodHandleAccessor.java:104)
at java.base/java.lang.reflect.Method.invoke(Method.java:578)
at org.testng.internal.invokers.MethodInvocationHelper.invokeMethod(MethodInvocationHelper.java:139)
at org.testng.internal.invokers.TestInvoker.invokeMethod(TestInvoker.java:664)
at org.testng.internal.invokers.TestInvoker.invokeTestMethod(TestInvoker.java:227)
at org.testng.internal.invokers.MethodRunner.runInSequence(MethodRunner.java:50)
at org.testng.internal.invokers.TestInvoker$MethodInvocationAgent.invoke(TestInvoker.java:957)
at org.testng.internal.invokers.TestInvoker.invokeTestMethods(TestInvoker.java:200)
at org.testng.internal.invokers.TestMethodWorker.invokeTestMethods(TestMethodWorker.java:148)
at org.testng.internal.invokers.TestMethodWorker.run(TestMethodWorker.java:128)
at java.base/java.util.ArrayList.forEach(ArrayList.java:1511)
at org.testng.TestRunner.privateRun(TestRunner.java:848)
at org.testng.TestRunner.run(TestRunner.java:621)
at org.testng.SuiteRunner.runTest(SuiteRunner.java:443)
at org.testng.SuiteRunner.runSequentially(SuiteRunner.java:437)
at org.testng.SuiteRunner.privateRun(SuiteRunner.java:397)
at org.testng.SuiteRunner.run(SuiteRunner.java:336)
at org.testng.SuiteRunnerWorker.runSuite(SuiteRunnerWorker.java:52)
at org.testng.SuiteRunnerWorker.run(SuiteRunnerWorker.java:95)
at org.testng.TestNG.runSuitesSequentially(TestNG.java:1280)
at org.testng.TestNG.runSuitesLocally(TestNG.java:1200)
at org.testng.TestNG.runSuites(TestNG.java:1114)
at org.testng.TestNG.run(TestNG.java:1082)
at org.testng.remote.AbstractRemoteTestNG.run(AbstractRemoteTestNG.java:115)
at org.testng.remote.RemoteTestNG.initAndRun(RemoteTestNG.java:251)
at org.testng.remote.RemoteTestNG.main(RemoteTestNG.java:77)
]]>
            </full-stacktrace>
          </exception> <!-- org.openqa.selenium.StaleElementReferenceException -->
          <reporter-output>
          </reporter-output>
        </test-method> <!-- LoginTest -->
        <test-method is-config="true" signature="closeBrowser()[pri:0, instance:tests.TC02_LoginFunctionality@3b5fad2d]" started-at="2024-01-21T23:37:11 IST" name="closeBrowser" finished-at="2024-01-21T23:37:12 IST" duration-ms="147" status="PASS">
          <reporter-output>
          </reporter-output>
        </test-method> <!-- closeBrowser -->
        <test-method is-config="true" signature="launchBrowser(java.lang.String)[pri:0, instance:tests.TC02_LoginFunctionality@3b5fad2d]" started-at="2024-01-21T23:37:12 IST" name="launchBrowser" finished-at="2024-01-21T23:37:19 IST" duration-ms="7883" status="PASS">
          <params>
            <param index="0">
              <value>
                <![CDATA[Chrome]]>
              </value>
            </param>
          </params>
          <reporter-output>
          </reporter-output>
        </test-method> <!-- launchBrowser -->
        <test-method signature="LoginTest(java.lang.String,java.lang.String)[pri:0, instance:tests.TC02_LoginFunctionality@3b5fad2d]" started-at="2024-01-21T23:37:19 IST" name="LoginTest" data-provider="getData" finished-at="2024-01-21T23:37:21 IST" duration-ms="1919" status="PASS">
          <params>
            <param index="0">
              <value>
                <![CDATA[invalidinput@gmail.com]]>
              </value>
            </param>
            <param index="1">
              <value>
                <![CDATA[launch123]]>
              </value>
            </param>
          </params>
          <reporter-output>
          </reporter-output>
        </test-method> <!-- LoginTest -->
        <test-method is-config="true" signature="closeBrowser()[pri:0, instance:tests.TC02_LoginFunctionality@3b5fad2d]" started-at="2024-01-21T23:37:21 IST" name="closeBrowser" finished-at="2024-01-21T23:37:22 IST" duration-ms="176" status="PASS">
          <reporter-output>
          </reporter-output>
        </test-method> <!-- closeBrowser -->
      </class> <!-- tests.TC02_LoginFunctionality -->
      <class name="tests.TC04_RoundTrip">
        <test-method is-config="true" signature="setup()[pri:0, instance:tests.TC04_RoundTrip@3eb91815]" started-at="2024-01-21T23:35:12 IST" name="setup" finished-at="2024-01-21T23:35:12 IST" duration-ms="0" status="PASS">
          <reporter-output>
          </reporter-output>
        </test-method> <!-- setup -->
        <test-method is-config="true" signature="launchBrowser(java.lang.String)[pri:0, instance:tests.TC04_RoundTrip@3eb91815]" started-at="2024-01-21T23:38:41 IST" name="launchBrowser" finished-at="2024-01-21T23:38:49 IST" duration-ms="7849" status="PASS">
          <params>
            <param index="0">
              <value>
                <![CDATA[Chrome]]>
              </value>
            </param>
          </params>
          <reporter-output>
          </reporter-output>
        </test-method> <!-- launchBrowser -->
        <test-method signature="RoundTrip(java.lang.String,java.lang.String,java.lang.String)[pri:0, instance:tests.TC04_RoundTrip@3eb91815]" started-at="2024-01-21T23:38:49 IST" name="RoundTrip" data-provider="getData" finished-at="2024-01-21T23:39:01 IST" duration-ms="11261" status="PASS">
          <params>
            <param index="0">
              <value>
                <![CDATA[Mum]]>
              </value>
            </param>
            <param index="1">
              <value>
                <![CDATA[Del]]>
              </value>
            </param>
            <param index="2">
              <value>
                <![CDATA[21-01-2024]]>
              </value>
            </param>
          </params>
          <reporter-output>
          </reporter-output>
        </test-method> <!-- RoundTrip -->
        <test-method is-config="true" signature="closeBrowser()[pri:0, instance:tests.TC04_RoundTrip@3eb91815]" started-at="2024-01-21T23:39:01 IST" name="closeBrowser" finished-at="2024-01-21T23:39:01 IST" duration-ms="344" status="PASS">
          <reporter-output>
          </reporter-output>
        </test-method> <!-- closeBrowser -->
        <test-method is-config="true" signature="launchBrowser(java.lang.String)[pri:0, instance:tests.TC04_RoundTrip@3eb91815]" started-at="2024-01-21T23:39:01 IST" name="launchBrowser" finished-at="2024-01-21T23:39:10 IST" duration-ms="9558" status="PASS">
          <params>
            <param index="0">
              <value>
                <![CDATA[Chrome]]>
              </value>
            </param>
          </params>
          <reporter-output>
          </reporter-output>
        </test-method> <!-- launchBrowser -->
        <test-method signature="RoundTrip(java.lang.String,java.lang.String,java.lang.String)[pri:0, instance:tests.TC04_RoundTrip@3eb91815]" started-at="2024-01-21T23:39:10 IST" name="RoundTrip" data-provider="getData" finished-at="2024-01-21T23:39:21 IST" duration-ms="10929" status="PASS">
          <params>
            <param index="0">
              <value>
                <![CDATA[Chen]]>
              </value>
            </param>
            <param index="1">
              <value>
                <![CDATA[Mum]]>
              </value>
            </param>
            <param index="2">
              <value>
                <![CDATA[21-02-2024]]>
              </value>
            </param>
          </params>
          <reporter-output>
          </reporter-output>
        </test-method> <!-- RoundTrip -->
        <test-method is-config="true" signature="closeBrowser()[pri:0, instance:tests.TC04_RoundTrip@3eb91815]" started-at="2024-01-21T23:39:21 IST" name="closeBrowser" finished-at="2024-01-21T23:39:22 IST" duration-ms="359" status="PASS">
          <reporter-output>
          </reporter-output>
        </test-method> <!-- closeBrowser -->
      </class> <!-- tests.TC04_RoundTrip -->
      <class name="tests.TC10_FlightStatus">
        <test-method is-config="true" signature="launchBrowser(java.lang.String)[pri:0, instance:tests.TC10_FlightStatus@27912e3]" started-at="2024-01-21T23:40:53 IST" name="launchBrowser" finished-at="2024-01-21T23:41:01 IST" duration-ms="7877" status="PASS">
          <params>
            <param index="0">
              <value>
                <![CDATA[Chrome]]>
              </value>
            </param>
          </params>
          <reporter-output>
          </reporter-output>
        </test-method> <!-- launchBrowser -->
        <test-method signature="status()[pri:0, instance:tests.TC10_FlightStatus@27912e3]" started-at="2024-01-21T23:41:01 IST" name="status" finished-at="2024-01-21T23:41:18 IST" duration-ms="17042" status="PASS">
          <reporter-output>
          </reporter-output>
        </test-method> <!-- status -->
        <test-method is-config="true" signature="closeBrowser()[pri:0, instance:tests.TC10_FlightStatus@27912e3]" started-at="2024-01-21T23:41:18 IST" name="closeBrowser" finished-at="2024-01-21T23:41:18 IST" duration-ms="237" status="PASS">
          <reporter-output>
          </reporter-output>
        </test-method> <!-- closeBrowser -->
      </class> <!-- tests.TC10_FlightStatus -->
      <class name="tests.TC05_SelectFlightAndProceedToBooking">
        <test-method is-config="true" signature="setup()[pri:0, instance:tests.TC05_SelectFlightAndProceedToBooking@56dc1551]" started-at="2024-01-21T23:35:12 IST" name="setup" finished-at="2024-01-21T23:35:12 IST" duration-ms="0" status="PASS">
          <reporter-output>
          </reporter-output>
        </test-method> <!-- setup -->
        <test-method is-config="true" signature="launchBrowser(java.lang.String)[pri:0, instance:tests.TC05_SelectFlightAndProceedToBooking@56dc1551]" started-at="2024-01-21T23:39:22 IST" name="launchBrowser" finished-at="2024-01-21T23:39:24 IST" duration-ms="2424" status="PASS">
          <params>
            <param index="0">
              <value>
                <![CDATA[Chrome]]>
              </value>
            </param>
          </params>
          <reporter-output>
          </reporter-output>
        </test-method> <!-- launchBrowser -->
        <test-method signature="SelectFlightAndProceedToBooking(java.lang.String,java.lang.String,java.lang.String)[pri:0, instance:tests.TC05_SelectFlightAndProceedToBooking@56dc1551]" started-at="2024-01-21T23:39:24 IST" name="SelectFlightAndProceedToBooking" data-provider="getData" finished-at="2024-01-21T23:39:54 IST" duration-ms="29606" status="PASS">
          <params>
            <param index="0">
              <value>
                <![CDATA[Mum]]>
              </value>
            </param>
            <param index="1">
              <value>
                <![CDATA[Del]]>
              </value>
            </param>
            <param index="2">
              <value>
                <![CDATA[21-01-2024]]>
              </value>
            </param>
          </params>
          <reporter-output>
          </reporter-output>
        </test-method> <!-- SelectFlightAndProceedToBooking -->
        <test-method is-config="true" signature="closeBrowser()[pri:0, instance:tests.TC05_SelectFlightAndProceedToBooking@56dc1551]" started-at="2024-01-21T23:39:54 IST" name="closeBrowser" finished-at="2024-01-21T23:39:54 IST" duration-ms="391" status="PASS">
          <reporter-output>
          </reporter-output>
        </test-method> <!-- closeBrowser -->
        <test-method is-config="true" signature="launchBrowser(java.lang.String)[pri:0, instance:tests.TC05_SelectFlightAndProceedToBooking@56dc1551]" started-at="2024-01-21T23:39:54 IST" name="launchBrowser" finished-at="2024-01-21T23:40:02 IST" duration-ms="7544" status="PASS">
          <params>
            <param index="0">
              <value>
                <![CDATA[Chrome]]>
              </value>
            </param>
          </params>
          <reporter-output>
          </reporter-output>
        </test-method> <!-- launchBrowser -->
        <test-method signature="SelectFlightAndProceedToBooking(java.lang.String,java.lang.String,java.lang.String)[pri:0, instance:tests.TC05_SelectFlightAndProceedToBooking@56dc1551]" started-at="2024-01-21T23:40:02 IST" name="SelectFlightAndProceedToBooking" data-provider="getData" finished-at="2024-01-21T23:40:25 IST" duration-ms="23344" status="PASS">
          <params>
            <param index="0">
              <value>
                <![CDATA[Chen]]>
              </value>
            </param>
            <param index="1">
              <value>
                <![CDATA[Mum]]>
              </value>
            </param>
            <param index="2">
              <value>
                <![CDATA[21-02-2024]]>
              </value>
            </param>
          </params>
          <reporter-output>
          </reporter-output>
        </test-method> <!-- SelectFlightAndProceedToBooking -->
        <test-method is-config="true" signature="closeBrowser()[pri:0, instance:tests.TC05_SelectFlightAndProceedToBooking@56dc1551]" started-at="2024-01-21T23:40:25 IST" name="closeBrowser" finished-at="2024-01-21T23:40:25 IST" duration-ms="203" status="PASS">
          <reporter-output>
          </reporter-output>
        </test-method> <!-- closeBrowser -->
      </class> <!-- tests.TC05_SelectFlightAndProceedToBooking -->
      <class name="tests.TC08_CheckInStatus">
        <test-method is-config="true" signature="launchBrowser(java.lang.String)[pri:0, instance:tests.TC08_CheckInStatus@102cec62]" started-at="2024-01-21T23:40:25 IST" name="launchBrowser" finished-at="2024-01-21T23:40:34 IST" duration-ms="8294" status="PASS">
          <params>
            <param index="0">
              <value>
                <![CDATA[Chrome]]>
              </value>
            </param>
          </params>
          <reporter-output>
          </reporter-output>
        </test-method> <!-- launchBrowser -->
        <test-method signature="status()[pri:0, instance:tests.TC08_CheckInStatus@102cec62]" started-at="2024-01-21T23:40:34 IST" name="status" finished-at="2024-01-21T23:40:41 IST" duration-ms="6839" status="PASS">
          <reporter-output>
          </reporter-output>
        </test-method> <!-- status -->
        <test-method is-config="true" signature="closeBrowser()[pri:0, instance:tests.TC08_CheckInStatus@102cec62]" started-at="2024-01-21T23:40:41 IST" name="closeBrowser" finished-at="2024-01-21T23:40:41 IST" duration-ms="187" status="PASS">
          <reporter-output>
          </reporter-output>
        </test-method> <!-- closeBrowser -->
      </class> <!-- tests.TC08_CheckInStatus -->
      <class name="tests.TC09_ManageBookingStatus">
        <test-method is-config="true" signature="launchBrowser(java.lang.String)[pri:0, instance:tests.TC09_ManageBookingStatus@74f6c5d8]" started-at="2024-01-21T23:40:41 IST" name="launchBrowser" finished-at="2024-01-21T23:40:48 IST" duration-ms="7692" status="PASS">
          <params>
            <param index="0">
              <value>
                <![CDATA[Chrome]]>
              </value>
            </param>
          </params>
          <reporter-output>
          </reporter-output>
        </test-method> <!-- launchBrowser -->
        <test-method signature="status()[pri:0, instance:tests.TC09_ManageBookingStatus@74f6c5d8]" started-at="2024-01-21T23:40:48 IST" name="status" finished-at="2024-01-21T23:40:53 IST" duration-ms="4379" status="PASS">
          <reporter-output>
          </reporter-output>
        </test-method> <!-- status -->
        <test-method is-config="true" signature="closeBrowser()[pri:0, instance:tests.TC09_ManageBookingStatus@74f6c5d8]" started-at="2024-01-21T23:40:53 IST" name="closeBrowser" finished-at="2024-01-21T23:40:53 IST" duration-ms="180" status="PASS">
          <reporter-output>
          </reporter-output>
        </test-method> <!-- closeBrowser -->
      </class> <!-- tests.TC09_ManageBookingStatus -->
    </test> <!-- ChromeTest -->
  </suite> <!-- Suite -->
</testng-results>
